Labyrinth/android/build/outputs/logs/manifest-merger-debug-report.txt
-- Merging decision tree log ---
manifest
ADDED from Labyrinth\android\AndroidManifest.xml:2:1-23:12
	package
		ADDED from Labyrinth\android\AndroidManifest.xml:3:11-42
		INJECTED from Labyrinth\android\AndroidManifest.xml
		INJECTED from Labyrinth\android\AndroidManifest.xml
	android:versionName
		ADDED from Labyrinth\android\AndroidManifest.xml:5:11-36
		INJECTED from Labyrinth\android\AndroidManifest.xml
		INJECTED from Labyrinth\android\AndroidManifest.xml
	android:versionCode
		ADDED from Labyrinth\android\AndroidManifest.xml:4:11-34
		INJECTED from Labyrinth\android\AndroidManifest.xml
		INJECTED from Labyrinth\android\AndroidManifest.xml
	xmlns:android
		ADDED from Labyrinth\android\AndroidManifest.xml:2:11-69
uses-sdk
ADDED from Labyrinth\android\AndroidManifest.xml:7:5-73
	android:targetSdkVersion
		ADDED from Labyrinth\android\AndroidManifest.xml:7:41-70
		INJECTED from Labyrinth\android\AndroidManifest.xml
		INJECTED from Labyrinth\android\AndroidManifest.xml
	android:minSdkVersion
		ADDED from Labyrinth\android\AndroidManifest.xml:7:15-40
		INJECTED from Labyrinth\android\AndroidManifest.xml
		INJECTED from Labyrinth\android\AndroidManifest.xml
application
ADDED from Labyrinth\android\AndroidManifest.xml:9:5-21:19
	android:allowBackup
		ADDED from Labyrinth\android\AndroidManifest.xml:10:13-39
	android:icon
		ADDED from Labyrinth\android\AndroidManifest.xml:11:13-49
activity#com.maltsev.labyrinth.AndroidLauncher
ADDED from Labyrinth\android\AndroidManifest.xml:12:9-20:20
	android:screenOrientation
		ADDED from Labyrinth\android\AndroidManifest.xml:14:17-54
	android:configChanges
		ADDED from Labyrinth\android\AndroidManifest.xml:15:17-87
	android:name
		ADDED from Labyrinth\android\AndroidManifest.xml:13:17-69
intent-filter#android.intent.action.MAIN+android.intent.category.LAUNCHER
ADDED from Labyrinth\android\AndroidManifest.xml:16:13-19:29
action#android.intent.action.MAIN
ADDED from Labyrinth\android\AndroidManifest.xml:17:17-69
	android:name
		ADDED from Labyrinth\android\AndroidManifest.xml:17:25-66
category#android.intent.category.LAUNCHER
ADDED from Labyrinth\android\AndroidManifest.xml:18:17-77
	android:name
		ADDED from Labyrinth\android\AndroidManifest.xml:18:27-74